2020-04-14 20:57:36 Error: [MissingControllerException] Controller class JsController could not be found.
Exception Attributes: array (
  'class' => 'JsController',
  'plugin' => NULL,
)
Request URL: /planejamento/js/jquery.js
Stack Trace:
#0 /home/luis/html/planejamento/webroot/index.php(131): Dispatcher->dispatch(Object(CakeRequest), Object(CakeResponse))
#1 {main}
2020-04-14 20:57:52 Error: [MissingControllerException] Controller class JsController could not be found.
Exception Attributes: array (
  'class' => 'JsController',
  'plugin' => NULL,
)
Request URL: /planejamento/js/jquery.js
Stack Trace:
#0 /home/luis/html/planejamento/webroot/index.php(131): Dispatcher->dispatch(Object(CakeRequest), Object(CakeResponse))
#1 {main}
2020-04-14 20:57:55 Error: [MissingControllerException] Controller class JsController could not be found.
Exception Attributes: array (
  'class' => 'JsController',
  'plugin' => NULL,
)
Request URL: /planejamento/js/jquery.js
Stack Trace:
#0 /home/luis/html/planejamento/webroot/index.php(131): Dispatcher->dispatch(Object(CakeRequest), Object(CakeResponse))
#1 {main}
2020-04-14 20:58:59 Error: [MissingControllerException] Controller class JsController could not be found.
Exception Attributes: array (
  'class' => 'JsController',
  'plugin' => NULL,
)
Request URL: /planejamento/js/jquery.js
Stack Trace:
#0 /home/luis/html/planejamento/webroot/index.php(131): Dispatcher->dispatch(Object(CakeRequest), Object(CakeResponse))
#1 {main}
2020-04-14 21:00:39 Error: [MissingControllerException] Controller class JsController could not be found.
Exception Attributes: array (
  'class' => 'JsController',
  'plugin' => NULL,
)
Request URL: /planejamento/js/jquery.js
Stack Trace:
#0 /home/luis/html/planejamento/webroot/index.php(131): Dispatcher->dispatch(Object(CakeRequest), Object(CakeResponse))
#1 {main}
2020-04-14 21:00:52 Error: [MissingControllerException] Controller class JsController could not be found.
Exception Attributes: array (
  'class' => 'JsController',
  'plugin' => NULL,
)
Request URL: /planejamento/js/jquery.js
Stack Trace:
#0 /home/luis/html/planejamento/webroot/index.php(131): Dispatcher->dispatch(Object(CakeRequest), Object(CakeResponse))
#1 {main}
